<?xml version="1.0" encoding="UTF-8"?>
<testsuite name="com.tikkeul.app.mapper.ItemMapperTests" tests="2" skipped="0" failures="0" errors="0" timestamp="2023-05-23T11:07:25" hostname="hiui-MacBookPro.local" time="0.037">
  <properties/>
  <testcase name="selectTest()" classname="com.tikkeul.app.mapper.ItemMapperTests" time="0.014"/>
  <testcase name="selectAllTest()" classname="com.tikkeul.app.mapper.ItemMapperTests" time="0.021"/>
  <system-out><![CDATA[2023-05-23 20:07:25.554  INFO 57981 --- [    Test worker] .b.t.c.SpringBootTestContextBootstrapper : Neither @ContextConfiguration nor @ContextHierarchy found for test class [com.tikkeul.app.mapper.ItemMapperTests], using SpringBootContextLoader
2023-05-23 20:07:25.555  INFO 57981 --- [    Test worker] o.s.t.c.support.AbstractContextLoader    : Could not detect default resource locations for test class [com.tikkeul.app.mapper.ItemMapperTests]: no resource found for suffixes {-context.xml, Context.groovy}.
2023-05-23 20:07:25.556  INFO 57981 --- [    Test worker] t.c.s.AnnotationConfigContextLoaderUtils : Could not detect default configuration classes for test class [com.tikkeul.app.mapper.ItemMapperTests]: ItemMapperTests does not declare any static, non-private, non-final, nested classes annotated with @Configuration.
2023-05-23 20:07:25.560  INFO 57981 --- [    Test worker] .b.t.c.SpringBootTestContextBootstrapper : Found @SpringBootConfiguration com.tikkeul.app.TikkeulApplication for test class com.tikkeul.app.mapper.ItemMapperTests
2023-05-23 20:07:25.564  INFO 57981 --- [    Test worker] .b.t.c.SpringBootTestContextBootstrapper : Loaded default TestExecutionListener class names from location [META-INF/spring.factories]: [org.springframework.boot.test.autoconfigure.restdocs.RestDocsTestExecutionListener, org.springframework.boot.test.autoconfigure.web.client.MockRestServiceServerResetTestExecutionListener, org.springframework.boot.test.autoconfigure.web.servlet.MockMvcPrintOnlyOnFailureTestExecutionListener, org.springframework.boot.test.autoconfigure.web.servlet.WebDriverTestExecutionListener, org.springframework.boot.test.autoconfigure.webservices.client.MockWebServiceServerTestExecutionListener, org.springframework.boot.test.mock.mockito.MockitoTestExecutionListener, org.springframework.boot.test.mock.mockito.ResetMocksTestExecutionListener, org.springframework.test.context.web.ServletTestExecutionListener, org.springframework.test.context.support.DirtiesContextBeforeModesTestExecutionListener, org.springframework.test.context.event.ApplicationEventsTestExecutionListener, org.springframework.test.context.support.DependencyInjectionTestExecutionListener, org.springframework.test.context.support.DirtiesContextTestExecutionListener, org.springframework.test.context.transaction.TransactionalTestExecutionListener, org.springframework.test.context.jdbc.SqlScriptsTestExecutionListener, org.springframework.test.context.event.EventPublishingTestExecutionListener]
2023-05-23 20:07:25.565  INFO 57981 --- [    Test worker] .b.t.c.SpringBootTestContextBootstrapper : Using TestExecutionListeners: [org.springframework.test.context.web.ServletTestExecutionListener@169d1f92, org.springframework.test.context.support.DirtiesContextBeforeModesTestExecutionListener@7fcbc336, org.springframework.test.context.event.ApplicationEventsTestExecutionListener@1fe7fa16, org.springframework.boot.test.mock.mockito.MockitoTestExecutionListener@61503d00, org.springframework.boot.test.autoconfigure.SpringBootDependencyInjectionTestExecutionListener@1fcfcf37, org.springframework.test.context.support.DirtiesContextTestExecutionListener@3ebc6d8b, org.springframework.test.context.transaction.TransactionalTestExecutionListener@1eab0700, org.springframework.test.context.jdbc.SqlScriptsTestExecutionListener@7e7391e8, org.springframework.test.context.event.EventPublishingTestExecutionListener@1fa44f66, org.springframework.boot.test.autoconfigure.restdocs.RestDocsTestExecutionListener@4229b92c, org.springframework.boot.test.autoconfigure.web.client.MockRestServiceServerResetTestExecutionListener@47c356e, org.springframework.boot.test.autoconfigure.web.servlet.MockMvcPrintOnlyOnFailureTestExecutionListener@66e218d8, org.springframework.boot.test.autoconfigure.web.servlet.WebDriverTestExecutionListener@5b80b41d, org.springframework.boot.test.autoconfigure.webservices.client.MockWebServiceServerTestExecutionListener@54ef9698, org.springframework.boot.test.mock.mockito.ResetMocksTestExecutionListener@31dd0e2e]
2023-05-23 20:07:25.597  INFO 57981 --- [    Test worker] com.tikkeul.app.mapper.ItemMapperTests   : []
]]></system-out>
  <system-err><![CDATA[]]></system-err>
</testsuite>
