<?xml version="1.0" encoding="UTF-8"?>
<testsuite name="com.tikkeul.app.TikkeulApplicationTests" tests="1" skipped="0" failures="0" errors="0" timestamp="2023-05-23T11:07:24" hostname="hiui-MacBookPro.local" time="0.009">
  <properties/>
  <testcase name="contextLoads()" classname="com.tikkeul.app.TikkeulApplicationTests" time="0.009"/>
  <system-out><![CDATA[2023-05-23 20:07:24.641  INFO 57981 --- [    Test worker] .b.t.c.SpringBootTestContextBootstrapper : Neither @ContextConfiguration nor @ContextHierarchy found for test class [com.tikkeul.app.TikkeulApplicationTests], using SpringBootContextLoader
2023-05-23 20:07:24.643  INFO 57981 --- [    Test worker] o.s.t.c.support.AbstractContextLoader    : Could not detect default resource locations for test class [com.tikkeul.app.TikkeulApplicationTests]: no resource found for suffixes {-context.xml, Context.groovy}.
2023-05-23 20:07:24.644  INFO 57981 --- [    Test worker] t.c.s.AnnotationConfigContextLoaderUtils : Could not detect default configuration classes for test class [com.tikkeul.app.TikkeulApplicationTests]: TikkeulApplicationTests does not declare any static, non-private, non-final, nested classes annotated with @Configuration.
2023-05-23 20:07:24.648  INFO 57981 --- [    Test worker] .b.t.c.SpringBootTestContextBootstrapper : Found @SpringBootConfiguration com.tikkeul.app.TikkeulApplication for test class com.tikkeul.app.TikkeulApplicationTests
2023-05-23 20:07:24.662  INFO 57981 --- [    Test worker] .b.t.c.SpringBootTestContextBootstrapper : Loaded default TestExecutionListener class names from location [META-INF/spring.factories]: [org.springframework.boot.test.autoconfigure.restdocs.RestDocsTestExecutionListener, org.springframework.boot.test.autoconfigure.web.client.MockRestServiceServerResetTestExecutionListener, org.springframework.boot.test.autoconfigure.web.servlet.MockMvcPrintOnlyOnFailureTestExecutionListener, org.springframework.boot.test.autoconfigure.web.servlet.WebDriverTestExecutionListener, org.springframework.boot.test.autoconfigure.webservices.client.MockWebServiceServerTestExecutionListener, org.springframework.boot.test.mock.mockito.MockitoTestExecutionListener, org.springframework.boot.test.mock.mockito.ResetMocksTestExecutionListener, org.springframework.test.context.web.ServletTestExecutionListener, org.springframework.test.context.support.DirtiesContextBeforeModesTestExecutionListener, org.springframework.test.context.event.ApplicationEventsTestExecutionListener, org.springframework.test.context.support.DependencyInjectionTestExecutionListener, org.springframework.test.context.support.DirtiesContextTestExecutionListener, org.springframework.test.context.transaction.TransactionalTestExecutionListener, org.springframework.test.context.jdbc.SqlScriptsTestExecutionListener, org.springframework.test.context.event.EventPublishingTestExecutionListener]
2023-05-23 20:07:24.663  INFO 57981 --- [    Test worker] .b.t.c.SpringBootTestContextBootstrapper : Using TestExecutionListeners: [org.springframework.test.context.web.ServletTestExecutionListener@723b8eff, org.springframework.test.context.support.DirtiesContextBeforeModesTestExecutionListener@3987a1e8, org.springframework.test.context.event.ApplicationEventsTestExecutionListener@20d65767, org.springframework.boot.test.mock.mockito.MockitoTestExecutionListener@250e8712, org.springframework.boot.test.autoconfigure.SpringBootDependencyInjectionTestExecutionListener@becb93a, org.springframework.test.context.support.DirtiesContextTestExecutionListener@f60c14e, org.springframework.test.context.transaction.TransactionalTestExecutionListener@1d1fd2aa, org.springframework.test.context.jdbc.SqlScriptsTestExecutionListener@4c78e00c, org.springframework.test.context.event.EventPublishingTestExecutionListener@22b3b5d0, org.springframework.boot.test.autoconfigure.restdocs.RestDocsTestExecutionListener@2b506a79, org.springframework.boot.test.autoconfigure.web.client.MockRestServiceServerResetTestExecutionListener@48b9773b, org.springframework.boot.test.autoconfigure.web.servlet.MockMvcPrintOnlyOnFailureTestExecutionListener@43ca96a0, org.springframework.boot.test.autoconfigure.web.servlet.WebDriverTestExecutionListener@7c68a63c, org.springframework.boot.test.autoconfigure.webservices.client.MockWebServiceServerTestExecutionListener@5443086a, org.springframework.boot.test.mock.mockito.ResetMocksTestExecutionListener@5740ad76]
]]></system-out>
  <system-err><![CDATA[]]></system-err>
</testsuite>
